<?xml version="1.0" encoding="UTF-8"?>
<!-- Generated by org.testng.reporters.JUnitXMLReporter -->
<testsuite hostname="DELL-PC" name="Test" tests="21" failures="0" timestamp="16 Aug 2017 10:16:11 GMT" time="514.035" errors="0">
  <testcase name="CopyPaste" time="7.263" classname="com.test.excube360.TestCases.CopyPasteEnvironmentScan"/>
  <testcase name="CoupanCheck" time="37.993" classname="com.test.excube360.TestCases.ApplyCoupon"/>
  <testcase name="Reportbuy" time="12.029" classname="com.test.excube360.TestCases.BuyReport"/>
  <testcase name="No_Word_Search" time="0.415" classname="com.test.excube360.TestCases.SearchWithNoKeywords"/>
  <testcase name="LinkedinLogin" time="7.539" classname="com.test.excube360.TestCases.LinkedIn"/>
  <testcase name="LandingPageSearchTest" time="22.001" classname="com.test.excube360.TestCases.LandingPageSearch"/>
  <testcase name="Report" time="4.672" classname="com.test.excube360.TestCases.ReportTest"/>
  <testcase name="Five_Words_Search" time="21.272" classname="com.test.excube360.TestCases.SearchWithThreeKeywords"/>
  <testcase name="MyContentPageCheck" time="2.726" classname="com.test.excube360.TestCases.MyContent"/>
  <testcase name="Five_Words_Search" time="17.212" classname="com.test.excube360.TestCases.SearchWithTwoKeywords"/>
  <testcase name="ForgetPassword" time="20.273" classname="com.test.excube360.TestCases.ForgotPassword"/>
  <testcase name="Search" time="36.178" classname="com.test.excube360.TestCases.SearchWithoutLogin"/>
  <testcase name="ReportDownload" time="26.474" classname="com.test.excube360.TestCases.DownloadReport"/>
  <testcase name="Five_Words_Search" time="10.499" classname="com.test.excube360.TestCases.SearchWithFiveKeywords"/>
  <testcase name="ResultView" time="6.838" classname="com.test.excube360.TestCases.ViewResult"/>
  <testcase name="FbShairing" time="24.027" classname="com.test.excube360.TestCases.FBShare"/>
  <testcase name="HomePageSearchTest" time="6.884" classname="com.test.excube360.TestCases.LandingPageText"/>
  <testcase name="One_Word_Search" time="0.585" classname="com.test.excube360.TestCases.SearchWithOneKeyword"/>
  <testcase name="newRegisterTest" time="32.408" classname="com.test.excube360.TestCases.VarifyLogin"/>
  <testcase name="login" time="5.267" classname="com.test.excube360.TestCases.VarifyLogin"/>
  <testcase name="Five_Words_Search" time="14.501" classname="com.test.excube360.TestCases.SearchWithFourKeywords"/>
</testsuite> <!-- Test -->
