<?xml version="1.0" encoding="UTF-8"?>
<testsuite name="TestSuite" time="317.026" tests="21" errors="0" skipped="0" failures="0">
  <properties>
[...]
</properties>
  <testcase name="CopyPaste" classname="com.test.excube360.TestCases.CopyPasteEnvironmentScan" time="7.25"/>
  <testcase name="CoupanCheck" classname="com.test.excube360.TestCases.ApplyCoupon" time="37.992"/>
  <testcase name="Reportbuy" classname="com.test.excube360.TestCases.BuyReport" time="12.027"/>
  <testcase name="No_Word_Search" classname="com.test.excube360.TestCases.SearchWithNoKeywords" time="0.415"/>
  <testcase name="LinkedinLogin" classname="com.test.excube360.TestCases.LinkedIn" time="7.535"/>
  <testcase name="LandingPageSearchTest" classname="com.test.excube360.TestCases.LandingPageSearch" time="21.998"/>
  <testcase name="Report" classname="com.test.excube360.TestCases.ReportTest" time="4.668"/>
  <testcase name="Five_Words_Search" classname="com.test.excube360.TestCases.SearchWithThreeKeywords" time="21.27"/>
  <testcase name="MyContentPageCheck" classname="com.test.excube360.TestCases.MyContent" time="2.725"/>
  <testcase name="Five_Words_Search" classname="com.test.excube360.TestCases.SearchWithTwoKeywords" time="17.212"/>
  <testcase name="ForgetPassword" classname="com.test.excube360.TestCases.ForgotPassword" time="20.273"/>
  <testcase name="Search" classname="com.test.excube360.TestCases.SearchWithoutLogin" time="36.179"/>
  <testcase name="ReportDownload" classname="com.test.excube360.TestCases.DownloadReport" time="26.473"/>
  <testcase name="Five_Words_Search" classname="com.test.excube360.TestCases.SearchWithFiveKeywords" time="10.498"/>
  <testcase name="ResultView" classname="com.test.excube360.TestCases.ViewResult" time="6.837"/>
  <testcase name="FbShairing" classname="com.test.excube360.TestCases.FBShare" time="24.03"/>
  <testcase name="HomePageSearchTest" classname="com.test.excube360.TestCases.LandingPageText" time="6.884"/>
  <testcase name="One_Word_Search" classname="com.test.excube360.TestCases.SearchWithOneKeyword" time="0.585"/>
  <testcase name="newRegisterTest" classname="com.test.excube360.TestCases.VarifyLogin" time="32.407"/>
  <testcase name="login" classname="com.test.excube360.TestCases.VarifyLogin" time="5.268"/>
  <testcase name="Five_Words_Search" classname="com.test.excube360.TestCases.SearchWithFourKeywords" time="14.5"/>
</testsuite>